Info: Start Nativelink Simulation process

========= EDA Simulation Settings =====================

Sim Mode              :  RTL
Family                :  max10
Quartus root          :  c:/intelfpga_lite/18.1/quartus/bin64/
Quartus sim root      :  c:/intelfpga_lite/18.1/quartus/eda/sim_lib
Simulation Tool       :  modelsim-altera
Simulation Language   :  systemverilog
Simulation Mode       :  GUI
Sim Output File       :  
Sim SDF file          :  
Sim dir               :  simulation\modelsim

=======================================================

Info: Starting NativeLink simulation with ModelSim-Altera software
Sourced NativeLink script c:/intelfpga_lite/18.1/quartus/common/tcl/internal/nativelink/modelsim.tcl
Warning: File Lab6_run_msim_rtl_systemverilog.do already exists - backing up current file as Lab6_run_msim_rtl_systemverilog.do.bak11
TCL READ VARNAME
Error: NativeLink simulation flow was NOT successful



================The following additional information is provided to help identify the cause of error while running nativelink scripts=================
Nativelink TCL script failed with errorCode:  NONE
Nativelink TCL script failed with errorInfo:  can't read "lib_list(stratixii_ver)": no such element in array
    while executing
"set my_lib_list $lib_list($library)"
    (procedure "::quartus::sim_lib_info::get_sim_models_for_library" line 4)
    invoked from within
"::quartus::sim_lib_info::get_sim_models_for_library $library $tool $hdl_version"
    (procedure "get_sim_models_for_tb" line 11)
    invoked from within
"get_sim_models_for_tb $extra_lib $tool"
    invoked from within
"set extra_libs [get_sim_models_for_tb $extra_lib $tool]"
    invoked from within
"foreach_in_collection asgn_id $extra_lib_asgn {
            set extra_lib [string tolower [get_assignment_info $asgn_id -value]]
            set extra..."
    (procedure "get_sim_models_for_design" line 16)
    invoked from within
"get_sim_models_for_design $lang $rtl_sim "modelsim""
    invoked from within
"if [ catch { open $msim_do_file_name w } msim_do_file ] {
	nl_postmsg  error "Error: Can't open file $msim_do_file_name: $file_id"
	set msim_do_file_n..."
    (procedure "gen_msim_script" line 69)
    invoked from within
"gen_msim_script args_hash"
    ("eval" body line 1)
    invoked from within
"eval gen_msim_script args_hash"
    invoked from within
"if [ catch {eval gen_msim_script args_hash} msim_do_file_name] {
	error "$::errorCode" "$::errorInfo"
    } elseif {$script_mode == 0} {
	post_message..."
    (procedure "launch_sim" line 108)
    invoked from within
"launch_sim launch_args_hash"
    ("eval" body line 1)
    invoked from within
"eval launch_sim launch_args_hash"
    invoked from within
"if [ info exists ::errorCode ] {
                set savedCode $::errorCode
                set savedInfo $::errorInfo
                error $result $..."
    invoked from within
"if [catch {eval launch_sim launch_args_hash} result ] {
            set status 1
            if [ info exists ::errorCode ] {
                set save..."
    (procedure "run_sim" line 74)
    invoked from within
"run_sim run_sim_args_hash"
    invoked from within
"if [ info exists ::errorCode ] {
            set savedCode $::errorCode
            set savedInfo $::errorInfo
            error "$result" $savedInfo ..."
    (procedure "run_eda_simulation_tool" line 334)
    invoked from within
"run_eda_simulation_tool eda_opts_hash"
